<?xml version="1.0" encoding="UTF-8"?>
<testsuite xmlns:xsi="http://www.w3.org/2001/XMLSchema-instance" xsi:noNamespaceSchemaLocation="https://maven.apache.org/surefire/maven-surefire-plugin/xsd/surefire-test-report-3.0.xsd" version="3.0" name="com.proglangworkgroup.JavaScriptLexerTest" time="0.183" tests="12" errors="0" skipped="0" failures="0">
  <properties>
[...]
</properties>
  <testcase name="jsFloatAccepted1" classname="com.proglangworkgroup.JavaScriptLexerTest" time="0.084">
    <system-out><![CDATA[Running: jsFloatAccepted1
]]></system-out>
  </testcase>
  <testcase name="jsFloatAccepted2" classname="com.proglangworkgroup.JavaScriptLexerTest" time="0.004">
    <system-out><![CDATA[Running: jsFloatAccepted2
]]></system-out>
  </testcase>
  <testcase name="jsIdentifierRejected1" classname="com.proglangworkgroup.JavaScriptLexerTest" time="0.003">
    <system-out><![CDATA[Running: jsIdentifierRejected1
]]></system-out>
  </testcase>
  <testcase name="jsIdentifierRejected2" classname="com.proglangworkgroup.JavaScriptLexerTest" time="0.005">
    <system-out><![CDATA[Running: jsIdentifierRejected2
]]></system-out>
  </testcase>
  <testcase name="jsFloatRejected1" classname="com.proglangworkgroup.JavaScriptLexerTest" time="0.003">
    <system-out><![CDATA[Running: jsFloatRejected1
]]></system-out>
  </testcase>
  <testcase name="jsFloatRejected2" classname="com.proglangworkgroup.JavaScriptLexerTest" time="0.002">
    <system-out><![CDATA[Running: jsFloatRejected2
]]></system-out>
  </testcase>
  <testcase name="jsStringAccepted1" classname="com.proglangworkgroup.JavaScriptLexerTest" time="0.004">
    <system-out><![CDATA[Running: jsStringAccepted1
]]></system-out>
  </testcase>
  <testcase name="jsStringAccepted2" classname="com.proglangworkgroup.JavaScriptLexerTest" time="0.004">
    <system-out><![CDATA[Running: jsStringAccepted2
]]></system-out>
  </testcase>
  <testcase name="jsStringRejected1" classname="com.proglangworkgroup.JavaScriptLexerTest" time="0.004">
    <system-out><![CDATA[Running: jsStringRejected1
]]></system-out>
  </testcase>
  <testcase name="jsStringRejected2" classname="com.proglangworkgroup.JavaScriptLexerTest" time="0.002">
    <system-out><![CDATA[Running: jsStringRejected2
]]></system-out>
  </testcase>
  <testcase name="jsIdentifierAccepted1" classname="com.proglangworkgroup.JavaScriptLexerTest" time="0.002">
    <system-out><![CDATA[Running: jsIdentifierAccepted1
]]></system-out>
  </testcase>
  <testcase name="jsIdentifierAccepted2" classname="com.proglangworkgroup.JavaScriptLexerTest" time="0.002">
    <system-out><![CDATA[Running: jsIdentifierAccepted2
]]></system-out>
  </testcase>
</testsuite>